[?1049h[22;0;0t[?1h=[H[2J[?12l[?25h[?1000l[?1002l[?1006l[?1005l[c(B[m[?12;25h[?12l[?25h[?1003l[?1006l[?2004l[1;1H[1;41r]112[1;1H[?25l[K
[K
[K
[K
[K
[K
[K
[K
[K
[K
[K
[K
[K
[K
[K
[K
[K
[K
[K
[K
[K
[K
[K
[K
[K
[K
[K
[K
[K
[K
[K
[K
[K
[K
[K
[K
[K
[K
[K
[K
[30m[42m[0] 0:zsh*                                                                                                                                      "macbook" 19:20 24-Dec-18(B[m[1;1H[?12l[?25h(B[m[?12;25h[?12l[?25h[?1003l[?1006l[?2004l[1;1H[1;41r[1;1H[?25l[K
[K
[K
[K
[K
[K
[K
[K
[K
[K
[K
[K
[K
[K
[K
[K
[K
[K
[K
[K
[K
[K
[K
[K
[K
[K
[K
[K
[K
[K
[K
[K
[K
[K
[K
[K
[K
[K
[K
[K
[30m[42m[0] 0:zsh*                                                                                                                                      "macbook" 19:20 24-Dec-18(B[m[1;1H[?12l[?25h[1m[7m%(B[m                                                                                                                                                                        [1;1H [H[?25l[41d[30m[42m[0] 0:zsh*                                                                                                                        "rsmnarts@macbook: ~/D" 19:20 24-Dec-18(B[m[1;1H[?12l[?25h[1;40r[2;40r[39S[1;1H[K
[34m[1mforMacbook/adminPanelFullstack/client(B[m  [32mmaster [31m✗[39m 
[37m▶ [1;41r[3;3H(B[m[K[2;158H[37m1h32m[39m [33m⚑ [37m◒  [3;3H[?2004h(B[me[90mxit[3D(B[mexit[?25l[41;1H[30m[42m[0] 0:zsh*                                                                                                                                         "exit" 19:20 24-Dec-18(B[m[4;1H[?12l[?25h[?2004l