1545654013.556427 client started (9169): version 2.6, socket /tmp/tmux-1000/default, protocol 8
1545654013.556540 on Linux 4.15.0-43-generic #46-Ubuntu SMP Thu Dec 6 14:45:28 UTC 2018; libevent 2.1.8-stable (poll)
1545654013.556641 socket is /tmp/tmux-1000/default
1545654013.556730 trying connect
1545654013.556829 connect failed: Connection refused
1545654013.556916 lock file is /tmp/tmux-1000/default.lock
1545654013.557064 flock succeeded
1545654013.557138 got lock (6)
1545654013.557217 trying connect
1545654013.557307 connect failed: Connection refused
1545654013.557744 add peer 0x5613eeebedb0: 7 ((nil))
1545654013.558041 sending message 100 to peer 0x5613eeebedb0 (4 bytes)
1545654013.558129 sending message 101 to peer 0x5613eeebedb0 (15 bytes)
1545654013.559105 sending message 102 to peer 0x5613eeebedb0 (11 bytes)
1545654013.559190 sending message 108 to peer 0x5613eeebedb0 (70 bytes)
1545654013.559267 sending message 104 to peer 0x5613eeebedb0 (0 bytes)
1545654013.559342 sending message 107 to peer 0x5613eeebedb0 (4 bytes)
1545654013.559421 sending message 105 to peer 0x5613eeebedb0 (52 bytes)
1545654013.559495 sending message 105 to peer 0x5613eeebedb0 (52 bytes)
1545654013.559568 sending message 105 to peer 0x5613eeebedb0 (25 bytes)
1545654013.559642 sending message 105 to peer 0x5613eeebedb0 (17 bytes)
1545654013.559715 sending message 105 to peer 0x5613eeebedb0 (13 bytes)
1545654013.559788 sending message 105 to peer 0x5613eeebedb0 (8 bytes)
1545654013.559861 sending message 105 to peer 0x5613eeebedb0 (17 bytes)
1545654013.559934 sending message 105 to peer 0x5613eeebedb0 (15 bytes)
1545654013.560007 sending message 105 to peer 0x5613eeebedb0 (52 bytes)
1545654013.560080 sending message 105 to peer 0x5613eeebedb0 (20 bytes)
1545654013.560159 sending message 105 to peer 0x5613eeebedb0 (11 bytes)
1545654013.560233 sending message 105 to peer 0x5613eeebedb0 (20 bytes)
1545654013.560306 sending message 105 to peer 0x5613eeebedb0 (86 bytes)
1545654013.560379 sending message 105 to peer 0x5613eeebedb0 (38 bytes)
1545654013.560452 sending message 105 to peer 0x5613eeebedb0 (23 bytes)
1545654013.560525 sending message 105 to peer 0x5613eeebedb0 (27 bytes)
1545654013.560599 sending message 105 to peer 0x5613eeebedb0 (52 bytes)
1545654013.560672 sending message 105 to peer 0x5613eeebedb0 (20 bytes)
1545654013.560745 sending message 105 to peer 0x5613eeebedb0 (18 bytes)
1545654013.560818 sending message 105 to peer 0x5613eeebedb0 (74 bytes)
1545654013.560891 sending message 105 to peer 0x5613eeebedb0 (21 bytes)
1545654013.560965 sending message 105 to peer 0x5613eeebedb0 (49 bytes)
1545654013.561039 sending message 105 to peer 0x5613eeebedb0 (25 bytes)
1545654013.561114 sending message 105 to peer 0x5613eeebedb0 (16 bytes)
1545654013.561187 sending message 105 to peer 0x5613eeebedb0 (30 bytes)
1545654013.561266 sending message 105 to peer 0x5613eeebedb0 (27 bytes)
1545654013.561341 sending message 105 to peer 0x5613eeebedb0 (21 bytes)
1545654013.561414 sending message 105 to peer 0x5613eeebedb0 (23 bytes)
1545654013.561487 sending message 105 to peer 0x5613eeebedb0 (24 bytes)
1545654013.561561 sending message 105 to peer 0x5613eeebedb0 (54 bytes)
1545654013.561635 sending message 105 to peer 0x5613eeebedb0 (17 bytes)
1545654013.563560 sending message 105 to peer 0x5613eeebedb0 (19 bytes)
1545654013.563642 sending message 105 to peer 0x5613eeebedb0 (151 bytes)
1545654013.563707 sending message 105 to peer 0x5613eeebedb0 (22 bytes)
1545654013.563771 sending message 105 to peer 0x5613eeebedb0 (20 bytes)
1545654013.563836 sending message 105 to peer 0x5613eeebedb0 (20 bytes)
1545654013.563900 sending message 105 to peer 0x5613eeebedb0 (15 bytes)
1545654013.563964 sending message 105 to peer 0x5613eeebedb0 (19 bytes)
1545654013.564028 sending message 105 to peer 0x5613eeebedb0 (21 bytes)
1545654013.564092 sending message 105 to peer 0x5613eeebedb0 (18 bytes)
1545654013.564167 sending message 105 to peer 0x5613eeebedb0 (20 bytes)
1545654013.564233 sending message 105 to peer 0x5613eeebedb0 (47 bytes)
1545654013.564297 sending message 105 to peer 0x5613eeebedb0 (25 bytes)
1545654013.564444 sending message 105 to peer 0x5613eeebedb0 (48 bytes)
1545654013.564512 sending message 105 to peer 0x5613eeebedb0 (142 bytes)
1545654013.564577 sending message 105 to peer 0x5613eeebedb0 (21 bytes)
1545654013.564643 sending message 105 to peer 0x5613eeebedb0 (20 bytes)
1545654013.564708 sending message 105 to peer 0x5613eeebedb0 (15 bytes)
1545654013.564774 sending message 105 to peer 0x5613eeebedb0 (20 bytes)
1545654013.564838 sending message 105 to peer 0x5613eeebedb0 (31 bytes)
1545654013.564903 sending message 105 to peer 0x5613eeebedb0 (58 bytes)
1545654013.564967 sending message 105 to peer 0x5613eeebedb0 (14 bytes)
1545654013.565032 sending message 105 to peer 0x5613eeebedb0 (19 bytes)
1545654013.565096 sending message 105 to peer 0x5613eeebedb0 (77 bytes)
1545654013.565160 sending message 105 to peer 0x5613eeebedb0 (30 bytes)
1545654013.565236 sending message 105 to peer 0x5613eeebedb0 (11 bytes)
1545654013.565344 sending message 105 to peer 0x5613eeebedb0 (8 bytes)
1545654013.565410 sending message 105 to peer 0x5613eeebedb0 (21 bytes)
1545654013.565474 sending message 105 to peer 0x5613eeebedb0 (32 bytes)
1545654013.565539 sending message 105 to peer 0x5613eeebedb0 (94 bytes)
1545654013.565603 sending message 105 to peer 0x5613eeebedb0 (16 bytes)
1545654013.565667 sending message 105 to peer 0x5613eeebedb0 (25 bytes)
1545654013.566750 sending message 105 to peer 0x5613eeebedb0 (16 bytes)
1545654013.566831 sending message 105 to peer 0x5613eeebedb0 (16 bytes)
1545654013.566947 sending message 106 to peer 0x5613eeebedb0 (0 bytes)
1545654013.567013 sending message 200 to peer 0x5613eeebedb0 (4 bytes)
1545654013.567077 client loop enter
1545654013.654640 peer 0x5613eeebedb0 message 207
1545654013.654733 sending message 208 to peer 0x5613eeebedb0 (0 bytes)
1545654015.347977 peer 0x5613eeebedb0 message 203
1545654015.348057 sending message 205 to peer 0x5613eeebedb0 (0 bytes)
1545654015.349559 peer 0x5613eeebedb0 message 204
1545654015.349631 client loop exit
